#
# A fatal error has been detected by the Java Runtime Environment:
#
#  EXCEPTION_ACCESS_VIOLATION (0xc0000005) at pc=0x00007ff9f8311202, pid=19724, tid=11412
#
# JRE version: Java(TM) SE Runtime Environment (17.0.10+11) (build 17.0.10+11-LTS-240)
# Java VM: Java HotSpot(TM) 64-Bit Server VM (17.0.10+11-LTS-240, mixed mode, sharing, tiered, compressed oops, compressed class ptrs, g1 gc, windows-amd64)
# Problematic frame:
# V  [jvm.dll+0x581202]
#
# No core dump will be written. Minidumps are not enabled by default on client versions of Windows
#
# If you would like to submit a bug report, please visit:
#   https://bugreport.java.com/bugreport/crash.jsp
#

---------------  S U M M A R Y ------------

Command Line: -javaagent:C:\Program Files\JetBrains\IntelliJ IDEA Community Edition 2023.3.4\lib\idea_rt.jar=54296:C:\Program Files\JetBrains\IntelliJ IDEA Community Edition 2023.3.4\bin -Dfile.encoding=UTF-8 MukemmelSayiBulma

Host: 11th Gen Intel(R) Core(TM) i7-11850H @ 2.50GHz, 16 cores, 31G,  Windows 10 , 64 bit Build 19041 (10.0.19041.3636)
Time: Sun Feb 25 15:07:31 2024 Turkey Standard Time elapsed time: 2.903958 seconds (0d 0h 0m 2s)

---------------  T H R E A D  ---------------

Current thread (0x000002938fca6520):  JavaThread "C2 CompilerThread1" daemon [_thread_in_native, id=11412, stack(0x000000c321b00000,0x000000c321c00000)]


Current CompileTask:
C2:   2903  513 %     4       MukemmelSayiBulma::main @ 33 (93 bytes)

Stack: [0x000000c321b00000,0x000000c321c00000],  sp=0x000000c321bfa090,  free space=1000k
Native frames: (J=compiled Java code, j=interpreted, Vv=VM code, C=native code)
V  [jvm.dll+0x581202]
V  [jvm.dll+0x580f04]
V  [jvm.dll+0x580158]
V  [jvm.dll+0x220472]
V  [jvm.dll+0x22084f]
V  [jvm.dll+0x2197a6]
V  [jvm.dll+0x216c79]
V  [jvm.dll+0x1a3410]
V  [jvm.dll+0x226aeb]
V  [jvm.dll+0x224cab]
V  [jvm.dll+0x78e45c]
V  [jvm.dll+0x78888a]
V  [jvm.dll+0x676935]
C  [ucrtbase.dll+0x21bb2]
C  [KERNEL32.DLL+0x17344]
C  [ntdll.dll+0x526b1]


siginfo: EXCEPTION_ACCESS_VIOLATION (0xc0000005), reading address 0x0000000000000008


Registers:
RAX=0x00000293d55a1280, RBX=0x0000000000000000, RCX=0x0000000000000000, RDX=0x000000c321bfa510
RSP=0x000000c321bfa090, RBP=0x00000293d5486608, RSI=0x00000293d54e9670, RDI=0x000000c321bfa4e0
R8 =0x00000293d55a1280, R9 =0x0000000000002000, R10=0xfefefefefefefeff, R11=0x8080808080808080
R12=0x0000000000000000, R13=0x000000c321bfa180, R14=0x000002938fa7c110, R15=0x000002938fa84dd0
RIP=0x00007ff9f8311202, EFLAGS=0x0000000000010283


Register to memory mapping:

RIP=0x00007ff9f8311202 jvm.dll
RAX=0x00000293d55a1280 points into unknown readable memory: 0x0000000000000000 | 00 00 00 00 00 00 00 00
RBX=0x0 is NULL
RCX=0x0 is NULL
RDX=0x000000c321bfa510 is pointing into the stack for thread: 0x000002938fca6520
RSP=0x000000c321bfa090 is pointing into the stack for thread: 0x000002938fca6520
RBP=0x00000293d5486608 points into unknown readable memory: 0x00007ff9f864bf58 | 58 bf 64 f8 f9 7f 00 00
RSI=0x00000293d54e9670 points into unknown readable memory: 0x0000000000000000 | 00 00 00 00 00 00 00 00
RDI=0x000000c321bfa4e0 is pointing into the stack for thread: 0x000002938fca6520
R8 =0x00000293d55a1280 points into unknown readable memory: 0x0000000000000000 | 00 00 00 00 00 00 00 00
R9 =0x0000000000002000 is an unknown value
R10=0xfefefefefefefeff is an unknown value
R11=0x8080808080808080 is an unknown value
R12=0x0 is NULL
R13=0x000000c321bfa180 is pointing into the stack for thread: 0x000002938fca6520
R14=0x000002938fa7c110 points into unknown readable memory: 0x00007ff9f86cf6b0 | b0 f6 6c f8 f9 7f 00 00
R15=0x000002938fa84dd0 points into unknown readable memory: 0x00007ff9f864c430 | 30 c4 64 f8 f9 7f 00 00


Top of Stack: (sp=0x000000c321bfa090)
0x000000c321bfa090:   0000000000000017 000002938fa7c358
0x000000c321bfa0a0:   000002938fa84dd0 00000293d50c6268
0x000000c321bfa0b0:   000002938fa7c110 000000c321bfa180
0x000000c321bfa0c0:   000000c321bfa1a8 00000000000001a1
0x000000c321bfa0d0:   0000000000000001 000000c321bfa1c8
0x000000c321bfa0e0:   000002938fa7c390 00007ff9f8310f04
0x000000c321bfa0f0:   0000000000000017 000002938fa84dd0
0x000000c321bfa100:   000000c321bfa250 0000000000000001
0x000000c321bfa110:   000002938fca4390 000002938fca4340
0x000000c321bfa120:   000002938fd9b948 000000c321bfa250
0x000000c321bfa130:   00000293e16e2040 0000000000000000
0x000000c321bfa140:   000000c321bfa4e0 00007ff9f8310158
0x000000c321bfa150:   000000c321bfa4e0 0000000000000001
0x000000c321bfa160:   0000029300000001 000000c321bfa1c8
0x000000c321bfa170:   00000000000008a5 0000000000000000
0x000000c321bfa180:   000002938fd95f70 0000000000000200 

Instructions: (pc=0x00007ff9f8311202)
0x00007ff9f8311102:   30 45 33 e4 4c 89 24 d8 4c 8b 64 24 30 48 83 c4
0x00007ff9f8311112:   40 41 5e 5f 5b c3 49 8b d6 4c 89 7c 24 20 48 8b
0x00007ff9f8311122:   cf e8 d8 c6 fe ff 45 33 c9 48 89 44 24 68 4c 8b
0x00007ff9f8311132:   c0 49 8b d6 48 8b cf 4c 8b f8 e8 cf 13 00 00 41
0x00007ff9f8311142:   8b 4e 2c 48 8b d8 83 e1 3f 80 f9 30 75 19 49 3b
0x00007ff9f8311152:   c7 74 14 4c 8b c8 4d 8b c7 49 8b d6 48 8b cf e8
0x00007ff9f8311162:   4a 3c 00 00 48 8b d8 48 89 74 24 38 48 85 db 75
0x00007ff9f8311172:   54 41 8b 5e 28 3b 5f 28 72 0b 8b d3 48 8d 4f 20
0x00007ff9f8311182:   e8 c9 52 0d 00 48 8b 47 30 45 33 e4 4c 89 24 d8
0x00007ff9f8311192:   8b 9f d0 09 00 00 8d 43 01 89 87 d0 09 00 00 3b
0x00007ff9f83111a2:   9f c0 09 00 00 72 0e 8b d3 48 8d 8f b8 09 00 00
0x00007ff9f83111b2:   e8 99 52 0d 00 48 8b 87 c8 09 00 00 4c 89 34 d8
0x00007ff9f83111c2:   e9 8b 03 00 00 48 89 6c 24 60 48 8b eb 4c 3b fb
0x00007ff9f83111d2:   0f 84 d0 02 00 00 44 8b 4f 28 48 8d 57 30 4c 89
0x00007ff9f83111e2:   6c 24 28 45 33 e4 0f 1f 84 00 00 00 00 00 8b 4b
0x00007ff9f83111f2:   28 48 8b 87 f8 09 00 00 48 8b 1c c8 4c 8d 04 c8
0x00007ff9f8311202:   48 8b 43 08 4c 39 20 75 2c 0f 1f 44 00 00 8b 43
0x00007ff9f8311212:   28 41 3b c1 73 0b 8b c8 48 8b 02 48 8b 1c c8 eb
0x00007ff9f8311222:   03 49 8b dc 48 83 e3 fe 48 8d 57 30 48 8b 43 08
0x00007ff9f8311232:   4c 39 20 74 d9 49 89 18 8b 43 28 3b 47 28 73 0f
0x00007ff9f8311242:   8b c8 48 8b 47 30 48 8b 34 c8 48 85 f6 75 07 48
0x00007ff9f8311252:   8b b7 90 09 00 00 48 85 ed 75 24 4c 8d 0d bc 16
0x00007ff9f8311262:   37 00 ba ad 03 00 00 4c 8d 05 c0 16 37 00 48 8d
0x00007ff9f8311272:   0d e9 22 36 00 e8 54 42 cc ff e8 ef 62 0f 00 8b
0x00007ff9f8311282:   45 28 44 8b 4f 28 41 3b c1 73 13 8b c8 48 8d 57
0x00007ff9f8311292:   30 48 8b 47 30 4c 8b 04 c8 4d 85 c0 75 0b 4c 8b
0x00007ff9f83112a2:   87 90 09 00 00 48 8d 57 30 41 0f b7 40 58 48 8b
0x00007ff9f83112b2:   cb 66 39 46 58 48 0f 43 cd 48 8b e9 4c 3b fb 0f
0x00007ff9f83112c2:   85 29 ff ff ff 49 3b cf 0f 84 d3 01 00 00 8b 41
0x00007ff9f83112d2:   2c 48 8b f1 24 0f 3c 08 75 68 0f 1f 40 00 33 d2
0x00007ff9f83112e2:   48 8b ce e8 76 54 0c 00 48 85 c0 74 55 48 8b c8
0x00007ff9f83112f2:   e8 79 b0 c2 ff 85 c0 79 49 f7 d0 c1 f8 03 83 e0 


Stack slot to memory mapping:
stack at sp + 0 slots: 0x0000000000000017 is an unknown value
stack at sp + 1 slots: 0x000002938fa7c358 points into unknown readable memory: 0x000002938fa7c390 | 90 c3 a7 8f 93 02 00 00
stack at sp + 2 slots: 0x000002938fa84dd0 points into unknown readable memory: 0x00007ff9f864c430 | 30 c4 64 f8 f9 7f 00 00
stack at sp + 3 slots: 0x00000293d50c6268 points into unknown readable memory: 0x00007ff9f85e6690 | 90 66 5e f8 f9 7f 00 00
stack at sp + 4 slots: 0x000002938fa7c110 points into unknown readable memory: 0x00007ff9f86cf6b0 | b0 f6 6c f8 f9 7f 00 00
stack at sp + 5 slots: 0x000000c321bfa180 is pointing into the stack for thread: 0x000002938fca6520
stack at sp + 6 slots: 0x000000c321bfa1a8 is pointing into the stack for thread: 0x000002938fca6520
stack at sp + 7 slots: 0x00000000000001a1 is an unknown value


---------------  P R O C E S S  ---------------

Threads class SMR info:
_java_thread_list=0x00000293d5064100, length=22, elements={
0x00000293e16e30e0, 0x000002938f9d9200, 0x000002938f9d9cd0, 0x000002938f9e9770,
0x000002938f9ea240, 0x000002938f9eeb30, 0x000002938f9ef400, 0x000002938f9f0000,
0x000002938f9f09c0, 0x000002938f9f12d0, 0x000002938faf8380, 0x000002938fafced0,
0x000002938fafd4a0, 0x000002938fba4bd0, 0x000002938fba50b0, 0x000002938fca4fe0,
0x000002938fca6520, 0x000002938fca4a90, 0x000002938fca5a80, 0x000002938fca6a70,
0x000002938fca5530, 0x000002938fca6fc0
}

Java Threads: ( => current thread )
  0x00000293e16e30e0 JavaThread "main" [_thread_in_native, id=19744, stack(0x000000c320400000,0x000000c320500000)]
  0x000002938f9d9200 JavaThread "Reference Handler" daemon [_thread_blocked, id=20228, stack(0x000000c320b00000,0x000000c320c00000)]
  0x000002938f9d9cd0 JavaThread "Finalizer" daemon [_thread_blocked, id=2912, stack(0x000000c320c00000,0x000000c320d00000)]
  0x000002938f9e9770 JavaThread "Signal Dispatcher" daemon [_thread_blocked, id=21168, stack(0x000000c320d00000,0x000000c320e00000)]
  0x000002938f9ea240 JavaThread "Attach Listener" daemon [_thread_blocked, id=10416, stack(0x000000c320e00000,0x000000c320f00000)]
  0x000002938f9eeb30 JavaThread "Service Thread" daemon [_thread_blocked, id=17260, stack(0x000000c320f00000,0x000000c321000000)]
  0x000002938f9ef400 JavaThread "Monitor Deflation Thread" daemon [_thread_blocked, id=1580, stack(0x000000c321000000,0x000000c321100000)]
  0x000002938f9f0000 JavaThread "C2 CompilerThread0" daemon [_thread_blocked, id=13184, stack(0x000000c321100000,0x000000c321200000)]
  0x000002938f9f09c0 JavaThread "C1 CompilerThread0" daemon [_thread_blocked, id=16496, stack(0x000000c321200000,0x000000c321300000)]
  0x000002938f9f12d0 JavaThread "Sweeper thread" daemon [_thread_blocked, id=13464, stack(0x000000c321300000,0x000000c321400000)]
  0x000002938faf8380 JavaThread "Common-Cleaner" daemon [_thread_blocked, id=20312, stack(0x000000c321400000,0x000000c321500000)]
  0x000002938fafced0 JavaThread "C1 CompilerThread1" daemon [_thread_blocked, id=4524, stack(0x000000c321500000,0x000000c321600000)]
  0x000002938fafd4a0 JavaThread "C1 CompilerThread2" daemon [_thread_blocked, id=16752, stack(0x000000c321600000,0x000000c321700000)]
  0x000002938fba4bd0 JavaThread "Monitor Ctrl-Break" daemon [_thread_in_native, id=5336, stack(0x000000c321800000,0x000000c321900000)]
  0x000002938fba50b0 JavaThread "Notification Thread" daemon [_thread_blocked, id=20576, stack(0x000000c321900000,0x000000c321a00000)]
  0x000002938fca4fe0 JavaThread "C1 CompilerThread3" daemon [_thread_blocked, id=19828, stack(0x000000c321700000,0x000000c321800000)]
=>0x000002938fca6520 JavaThread "C2 CompilerThread1" daemon [_thread_in_native, id=11412, stack(0x000000c321b00000,0x000000c321c00000)]
  0x000002938fca4a90 JavaThread "C2 CompilerThread2" daemon [_thread_blocked, id=18128, stack(0x000000c321c00000,0x000000c321d00000)]
  0x000002938fca5a80 JavaThread "C2 CompilerThread3" daemon [_thread_blocked, id=19976, stack(0x000000c321d00000,0x000000c321e00000)]
  0x000002938fca6a70 JavaThread "C2 CompilerThread4" daemon [_thread_blocked, id=19288, stack(0x000000c321e00000,0x000000c321f00000)]
  0x000002938fca5530 JavaThread "C2 CompilerThread5" daemon [_thread_blocked, id=19700, stack(0x000000c321f00000,0x000000c322000000)]
  0x000002938fca6fc0 JavaThread "C2 CompilerThread6" daemon [_thread_blocked, id=17268, stack(0x000000c322000000,0x000000c322100000)]

Other Threads:
  0x000002938f9d2830 VMThread "VM Thread" [stack: 0x000000c320a00000,0x000000c320b00000] [id=4700]
  0x00000293e17b1b20 WatcherThread [stack: 0x000000c321a00000,0x000000c321b00000] [id=18564]
  0x00000293e178dd20 GCTaskThread "GC Thread#0" [stack: 0x000000c320500000,0x000000c320600000] [id=5136]
  0x00000293e179f550 ConcurrentGCThread "G1 Main Marker" [stack: 0x000000c320600000,0x000000c320700000] [id=6672]
  0x00000293e17a0610 ConcurrentGCThread "G1 Conc#0" [stack: 0x000000c320700000,0x000000c320800000] [id=19168]
  0x00000293fde53660 ConcurrentGCThread "G1 Refine#0" [stack: 0x000000c320800000,0x000000c320900000] [id=4168]
  0x00000293fde53fa0 ConcurrentGCThread "G1 Service" [stack: 0x000000c320900000,0x000000c320a00000] [id=6444]

Threads with active compile tasks:
C2 CompilerThread1     2919  513 %     4       MukemmelSayiBulma::main @ 33 (93 bytes)

VM state: not at safepoint (normal execution)

VM Mutex/Monitor currently owned by a thread: None

Heap address: 0x000000060c800000, size: 7992 MB, Compressed Oops mode: Zero based, Oop shift amount: 3

CDS archive(s) mapped at: [0x0000029390000000-0x0000029390bd0000-0x0000029390bd0000), size 12386304, SharedBaseAddress: 0x0000029390000000, ArchiveRelocationMode: 1.
Compressed class space mapped at: 0x0000029391000000-0x00000293d1000000, reserved size: 1073741824
Narrow klass base: 0x0000029390000000, Narrow klass shift: 0, Narrow klass range: 0x100000000

GC Precious Log:
 CPUs: 16 total, 16 available
 Memory: 31953M
 Large Page Support: Disabled
 NUMA Support: Disabled
 Compressed Oops: Enabled (Zero based)
 Heap Region Size: 4M
 Heap Min Capacity: 8M
 Heap Initial Capacity: 500M
 Heap Max Capacity: 7992M
 Pre-touch: Disabled
 Parallel Workers: 13
 Concurrent Workers: 3
 Concurrent Refinement Workers: 13
 Periodic GC: Disabled

Heap:
 garbage-first heap   total 512000K, used 8192K [0x000000060c800000, 0x0000000800000000)
  region size 4096K, 3 young (12288K), 0 survivors (0K)
 Metaspace       used 1391K, committed 1536K, reserved 1114112K
  class space    used 111K, committed 192K, reserved 1048576K

Heap Regions: E=young(eden), S=young(survivor), O=old, HS=humongous(starts), HC=humongous(continues), CS=collection set, F=free, OA=open archive, CA=closed archive, TAMS=top-at-mark-start (previous, next)
|   0|0x000000060c800000, 0x000000060c800000, 0x000000060cc00000|  0%| F|  |TAMS 0x000000060c800000, 0x000000060c800000| Untracked 
|   1|0x000000060cc00000, 0x000000060cc00000, 0x000000060d000000|  0%| F|  |TAMS 0x000000060cc00000, 0x000000060cc00000| Untracked 
|   2|0x000000060d000000, 0x000000060d000000, 0x000000060d400000|  0%| F|  |TAMS 0x000000060d000000, 0x000000060d000000| Untracked 
|   3|0x000000060d400000, 0x000000060d400000, 0x000000060d800000|  0%| F|  |TAMS 0x000000060d400000, 0x000000060d400000| Untracked 
|   4|0x000000060d800000, 0x000000060d800000, 0x000000060dc00000|  0%| F|  |TAMS 0x000000060d800000, 0x000000060d800000| Untracked 
|   5|0x000000060dc00000, 0x000000060dc00000, 0x000000060e000000|  0%| F|  |TAMS 0x000000060dc00000, 0x000000060dc00000| Untracked 
|   6|0x000000060e000000, 0x000000060e000000, 0x000000060e400000|  0%| F|  |TAMS 0x000000060e000000, 0x000000060e000000| Untracked 
|   7|0x000000060e400000, 0x000000060e400000, 0x000000060e800000|  0%| F|  |TAMS 0x000000060e400000, 0x000000060e400000| Untracked 
|   8|0x000000060e800000, 0x000000060e800000, 0x000000060ec00000|  0%| F|  |TAMS 0x000000060e800000, 0x000000060e800000| Untracked 
|   9|0x000000060ec00000, 0x000000060ec00000, 0x000000060f000000|  0%| F|  |TAMS 0x000000060ec00000, 0x000000060ec00000| Untracked 
|  10|0x000000060f000000, 0x000000060f000000, 0x000000060f400000|  0%| F|  |TAMS 0x000000060f000000, 0x000000060f000000| Untracked 
|  11|0x000000060f400000, 0x000000060f400000, 0x000000060f800000|  0%| F|  |TAMS 0x000000060f400000, 0x000000060f400000| Untracked 
|  12|0x000000060f800000, 0x000000060f800000, 0x000000060fc00000|  0%| F|  |TAMS 0x000000060f800000, 0x000000060f800000| Untracked 
|  13|0x000000060fc00000, 0x000000060fc00000, 0x0000000610000000|  0%| F|  |TAMS 0x000000060fc00000, 0x000000060fc00000| Untracked 
|  14|0x0000000610000000, 0x0000000610000000, 0x0000000610400000|  0%| F|  |TAMS 0x0000000610000000, 0x0000000610000000| Untracked 
|  15|0x0000000610400000, 0x0000000610400000, 0x0000000610800000|  0%| F|  |TAMS 0x0000000610400000, 0x0000000610400000| Untracked 
|  16|0x0000000610800000, 0x0000000610800000, 0x0000000610c00000|  0%| F|  |TAMS 0x0000000610800000, 0x0000000610800000| Untracked 
|  17|0x0000000610c00000, 0x0000000610c00000, 0x0000000611000000|  0%| F|  |TAMS 0x0000000610c00000, 0x0000000610c00000| Untracked 
|  18|0x0000000611000000, 0x0000000611000000, 0x0000000611400000|  0%| F|  |TAMS 0x0000000611000000, 0x0000000611000000| Untracked 
|  19|0x0000000611400000, 0x0000000611400000, 0x0000000611800000|  0%| F|  |TAMS 0x0000000611400000, 0x0000000611400000| Untracked 
|  20|0x0000000611800000, 0x0000000611800000, 0x0000000611c00000|  0%| F|  |TAMS 0x0000000611800000, 0x0000000611800000| Untracked 
|  21|0x0000000611c00000, 0x0000000611c00000, 0x0000000612000000|  0%| F|  |TAMS 0x0000000611c00000, 0x0000000611c00000| Untracked 
|  22|0x0000000612000000, 0x0000000612000000, 0x0000000612400000|  0%| F|  |TAMS 0x0000000612000000, 0x0000000612000000| Untracked 
|  23|0x0000000612400000, 0x0000000612400000, 0x0000000612800000|  0%| F|  |TAMS 0x0000000612400000, 0x0000000612400000| Untracked 
|  24|0x0000000612800000, 0x0000000612800000, 0x0000000612c00000|  0%| F|  |TAMS 0x0000000612800000, 0x0000000612800000| Untracked 
|  25|0x0000000612c00000, 0x0000000612c00000, 0x0000000613000000|  0%| F|  |TAMS 0x0000000612c00000, 0x0000000612c00000| Untracked 
|  26|0x0000000613000000, 0x0000000613000000, 0x0000000613400000|  0%| F|  |TAMS 0x0000000613000000, 0x0000000613000000| Untracked 
|  27|0x0000000613400000, 0x0000000613400000, 0x0000000613800000|  0%| F|  |TAMS 0x0000000613400000, 0x0000000613400000| Untracked 
|  28|0x0000000613800000, 0x0000000613800000, 0x0000000613c00000|  0%| F|  |TAMS 0x0000000613800000, 0x0000000613800000| Untracked 
|  29|0x0000000613c00000, 0x0000000613c00000, 0x0000000614000000|  0%| F|  |TAMS 0x0000000613c00000, 0x0000000613c00000| Untracked 
|  30|0x0000000614000000, 0x0000000614000000, 0x0000000614400000|  0%| F|  |TAMS 0x0000000614000000, 0x0000000614000000| Untracked 
|  31|0x0000000614400000, 0x0000000614400000, 0x0000000614800000|  0%| F|  |TAMS 0x0000000614400000, 0x0000000614400000| Untracked 
|  32|0x0000000614800000, 0x0000000614800000, 0x0000000614c00000|  0%| F|  |TAMS 0x0000000614800000, 0x0000000614800000| Untracked 
|  33|0x0000000614c00000, 0x0000000614c00000, 0x0000000615000000|  0%| F|  |TAMS 0x0000000614c00000, 0x0000000614c00000| Untracked 
|  34|0x0000000615000000, 0x0000000615000000, 0x0000000615400000|  0%| F|  |TAMS 0x0000000615000000, 0x0000000615000000| Untracked 
|  35|0x0000000615400000, 0x0000000615400000, 0x0000000615800000|  0%| F|  |TAMS 0x0000000615400000, 0x0000000615400000| Untracked 
|  36|0x0000000615800000, 0x0000000615800000, 0x0000000615c00000|  0%| F|  |TAMS 0x0000000615800000, 0x0000000615800000| Untracked 
|  37|0x0000000615c00000, 0x0000000615c00000, 0x0000000616000000|  0%| F|  |TAMS 0x0000000615c00000, 0x0000000615c00000| Untracked 
|  38|0x0000000616000000, 0x0000000616000000, 0x0000000616400000|  0%| F|  |TAMS 0x0000000616000000, 0x0000000616000000| Untracked 
|  39|0x0000000616400000, 0x0000000616400000, 0x0000000616800000|  0%| F|  |TAMS 0x0000000616400000, 0x0000000616400000| Untracked 
|  40|0x0000000616800000, 0x0000000616800000, 0x0000000616c00000|  0%| F|  |TAMS 0x0000000616800000, 0x0000000616800000| Untracked 
|  41|0x0000000616c00000, 0x0000000616c00000, 0x0000000617000000|  0%| F|  |TAMS 0x0000000616c00000, 0x0000000616c00000| Untracked 
|  42|0x0000000617000000, 0x0000000617000000, 0x0000000617400000|  0%| F|  |TAMS 0x0000000617000000, 0x0000000617000000| Untracked 
|  43|0x0000000617400000, 0x0000000617400000, 0x0000000617800000|  0%| F|  |TAMS 0x0000000617400000, 0x0000000617400000| Untracked 
|  44|0x0000000617800000, 0x0000000617800000, 0x0000000617c00000|  0%| F|  |TAMS 0x0000000617800000, 0x0000000617800000| Untracked 
|  45|0x0000000617c00000, 0x0000000617c00000, 0x0000000618000000|  0%| F|  |TAMS 0x0000000617c00000, 0x0000000617c00000| Untracked 
|  46|0x0000000618000000, 0x0000000618000000, 0x0000000618400000|  0%| F|  |TAMS 0x0000000618000000, 0x0000000618000000| Untracked 
|  47|0x0000000618400000, 0x0000000618400000, 0x0000000618800000|  0%| F|  |TAMS 0x0000000618400000, 0x0000000618400000| Untracked 
|  48|0x0000000618800000, 0x0000000618800000, 0x0000000618c00000|  0%| F|  |TAMS 0x0000000618800000, 0x0000000618800000| Untracked 
|  49|0x0000000618c00000, 0x0000000618c00000, 0x0000000619000000|  0%| F|  |TAMS 0x0000000618c00000, 0x0000000618c00000| Untracked 
|  50|0x0000000619000000, 0x0000000619000000, 0x0000000619400000|  0%| F|  |TAMS 0x0000000619000000, 0x0000000619000000| Untracked 
|  51|0x0000000619400000, 0x0000000619400000, 0x0000000619800000|  0%| F|  |TAMS 0x0000000619400000, 0x0000000619400000| Untracked 
|  52|0x0000000619800000, 0x0000000619800000, 0x0000000619c00000|  0%| F|  |TAMS 0x0000000619800000, 0x0000000619800000| Untracked 
|  53|0x0000000619c00000, 0x0000000619c00000, 0x000000061a000000|  0%| F|  |TAMS 0x0000000619c00000, 0x0000000619c00000| Untracked 
|  54|0x000000061a000000, 0x000000061a000000, 0x000000061a400000|  0%| F|  |TAMS 0x000000061a000000, 0x000000061a000000| Untracked 
|  55|0x000000061a400000, 0x000000061a400000, 0x000000061a800000|  0%| F|  |TAMS 0x000000061a400000, 0x000000061a400000| Untracked 
|  56|0x000000061a800000, 0x000000061a800000, 0x000000061ac00000|  0%| F|  |TAMS 0x000000061a800000, 0x000000061a800000| Untracked 
|  57|0x000000061ac00000, 0x000000061ac00000, 0x000000061b000000|  0%| F|  |TAMS 0x000000061ac00000, 0x000000061ac00000| Untracked 
|  58|0x000000061b000000, 0x000000061b000000, 0x000000061b400000|  0%| F|  |TAMS 0x000000061b000000, 0x000000061b000000| Untracked 
|  59|0x000000061b400000, 0x000000061b400000, 0x000000061b800000|  0%| F|  |TAMS 0x000000061b400000, 0x000000061b400000| Untracked 
|  60|0x000000061b800000, 0x000000061b800000, 0x000000061bc00000|  0%| F|  |TAMS 0x000000061b800000, 0x000000061b800000| Untracked 
|  61|0x000000061bc00000, 0x000000061bc00000, 0x000000061c000000|  0%| F|  |TAMS 0x000000061bc00000, 0x000000061bc00000| Untracked 
|  62|0x000000061c000000, 0x000000061c000000, 0x000000061c400000|  0%| F|  |TAMS 0x000000061c000000, 0x000000061c000000| Untracked 
|  63|0x000000061c400000, 0x000000061c400000, 0x000000061c800000|  0%| F|  |TAMS 0x000000061c400000, 0x000000061c400000| Untracked 
|  64|0x000000061c800000, 0x000000061c800000, 0x000000061cc00000|  0%| F|  |TAMS 0x000000061c800000, 0x000000061c800000| Untracked 
|  65|0x000000061cc00000, 0x000000061cc00000, 0x000000061d000000|  0%| F|  |TAMS 0x000000061cc00000, 0x000000061cc00000| Untracked 
|  66|0x000000061d000000, 0x000000061d000000, 0x000000061d400000|  0%| F|  |TAMS 0x000000061d000000, 0x000000061d000000| Untracked 
|  67|0x000000061d400000, 0x000000061d400000, 0x000000061d800000|  0%| F|  |TAMS 0x000000061d400000, 0x000000061d400000| Untracked 
|  68|0x000000061d800000, 0x000000061d800000, 0x000000061dc00000|  0%| F|  |TAMS 0x000000061d800000, 0x000000061d800000| Untracked 
|  69|0x000000061dc00000, 0x000000061dc00000, 0x000000061e000000|  0%| F|  |TAMS 0x000000061dc00000, 0x000000061dc00000| Untracked 
|  70|0x000000061e000000, 0x000000061e000000, 0x000000061e400000|  0%| F|  |TAMS 0x000000061e000000, 0x000000061e000000| Untracked 
|  71|0x000000061e400000, 0x000000061e400000, 0x000000061e800000|  0%| F|  |TAMS 0x000000061e400000, 0x000000061e400000| Untracked 
|  72|0x000000061e800000, 0x000000061e800000, 0x000000061ec00000|  0%| F|  |TAMS 0x000000061e800000, 0x000000061e800000| Untracked 
|  73|0x000000061ec00000, 0x000000061ec00000, 0x000000061f000000|  0%| F|  |TAMS 0x000000061ec00000, 0x000000061ec00000| Untracked 
|  74|0x000000061f000000, 0x000000061f000000, 0x000000061f400000|  0%| F|  |TAMS 0x000000061f000000, 0x000000061f000000| Untracked 
|  75|0x000000061f400000, 0x000000061f400000, 0x000000061f800000|  0%| F|  |TAMS 0x000000061f400000, 0x000000061f400000| Untracked 
|  76|0x000000061f800000, 0x000000061f800000, 0x000000061fc00000|  0%| F|  |TAMS 0x000000061f800000, 0x000000061f800000| Untracked 
|  77|0x000000061fc00000, 0x000000061fc00000, 0x0000000620000000|  0%| F|  |TAMS 0x000000061fc00000, 0x000000061fc00000| Untracked 
|  78|0x0000000620000000, 0x0000000620000000, 0x0000000620400000|  0%| F|  |TAMS 0x0000000620000000, 0x0000000620000000| Untracked 
|  79|0x0000000620400000, 0x0000000620400000, 0x0000000620800000|  0%| F|  |TAMS 0x0000000620400000, 0x0000000620400000| Untracked 
|  80|0x0000000620800000, 0x0000000620800000, 0x0000000620c00000|  0%| F|  |TAMS 0x0000000620800000, 0x0000000620800000| Untracked 
|  81|0x0000000620c00000, 0x0000000620c00000, 0x0000000621000000|  0%| F|  |TAMS 0x0000000620c00000, 0x0000000620c00000| Untracked 
|  82|0x0000000621000000, 0x0000000621000000, 0x0000000621400000|  0%| F|  |TAMS 0x0000000621000000, 0x0000000621000000| Untracked 
|  83|0x0000000621400000, 0x0000000621400000, 0x0000000621800000|  0%| F|  |TAMS 0x0000000621400000, 0x0000000621400000| Untracked 
|  84|0x0000000621800000, 0x0000000621800000, 0x0000000621c00000|  0%| F|  |TAMS 0x0000000621800000, 0x0000000621800000| Untracked 
|  85|0x0000000621c00000, 0x0000000621c00000, 0x0000000622000000|  0%| F|  |TAMS 0x0000000621c00000, 0x0000000621c00000| Untracked 
|  86|0x0000000622000000, 0x0000000622000000, 0x0000000622400000|  0%| F|  |TAMS 0x0000000622000000, 0x0000000622000000| Untracked 
|  87|0x0000000622400000, 0x0000000622400000, 0x0000000622800000|  0%| F|  |TAMS 0x0000000622400000, 0x0000000622400000| Untracked 
|  88|0x0000000622800000, 0x0000000622800000, 0x0000000622c00000|  0%| F|  |TAMS 0x0000000622800000, 0x0000000622800000| Untracked 
|  89|0x0000000622c00000, 0x0000000622c00000, 0x0000000623000000|  0%| F|  |TAMS 0x0000000622c00000, 0x0000000622c00000| Untracked 
|  90|0x0000000623000000, 0x0000000623000000, 0x0000000623400000|  0%| F|  |TAMS 0x0000000623000000, 0x0000000623000000| Untracked 
|  91|0x0000000623400000, 0x0000000623400000, 0x0000000623800000|  0%| F|  |TAMS 0x0000000623400000, 0x0000000623400000| Untracked 
|  92|0x0000000623800000, 0x0000000623800000, 0x0000000623c00000|  0%| F|  |TAMS 0x0000000623800000, 0x0000000623800000| Untracked 
|  93|0x0000000623c00000, 0x0000000623c00000, 0x0000000624000000|  0%| F|  |TAMS 0x0000000623c00000, 0x0000000623c00000| Untracked 
|  94|0x0000000624000000, 0x0000000624000000, 0x0000000624400000|  0%| F|  |TAMS 0x0000000624000000, 0x0000000624000000| Untracked 
|  95|0x0000000624400000, 0x0000000624400000, 0x0000000624800000|  0%| F|  |TAMS 0x0000000624400000, 0x0000000624400000| Untracked 
|  96|0x0000000624800000, 0x0000000624800000, 0x0000000624c00000|  0%| F|  |TAMS 0x0000000624800000, 0x0000000624800000| Untracked 
|  97|0x0000000624c00000, 0x0000000624c00000, 0x0000000625000000|  0%| F|  |TAMS 0x0000000624c00000, 0x0000000624c00000| Untracked 
|  98|0x0000000625000000, 0x0000000625000000, 0x0000000625400000|  0%| F|  |TAMS 0x0000000625000000, 0x0000000625000000| Untracked 
|  99|0x0000000625400000, 0x0000000625400000, 0x0000000625800000|  0%| F|  |TAMS 0x0000000625400000, 0x0000000625400000| Untracked 
| 100|0x0000000625800000, 0x0000000625800000, 0x0000000625c00000|  0%| F|  |TAMS 0x0000000625800000, 0x0000000625800000| Untracked 
| 101|0x0000000625c00000, 0x0000000625c00000, 0x0000000626000000|  0%| F|  |TAMS 0x0000000625c00000, 0x0000000625c00000| Untracked 
| 102|0x0000000626000000, 0x0000000626000000, 0x0000000626400000|  0%| F|  |TAMS 0x0000000626000000, 0x0000000626000000| Untracked 
| 103|0x0000000626400000, 0x0000000626400000, 0x0000000626800000|  0%| F|  |TAMS 0x0000000626400000, 0x0000000626400000| Untracked 
| 104|0x0000000626800000, 0x0000000626800000, 0x0000000626c00000|  0%| F|  |TAMS 0x0000000626800000, 0x0000000626800000| Untracked 
| 105|0x0000000626c00000, 0x0000000626c00000, 0x0000000627000000|  0%| F|  |TAMS 0x0000000626c00000, 0x0000000626c00000| Untracked 
| 106|0x0000000627000000, 0x0000000627000000, 0x0000000627400000|  0%| F|  |TAMS 0x0000000627000000, 0x0000000627000000| Untracked 
| 107|0x0000000627400000, 0x0000000627400000, 0x0000000627800000|  0%| F|  |TAMS 0x0000000627400000, 0x0000000627400000| Untracked 
| 108|0x0000000627800000, 0x0000000627800000, 0x0000000627c00000|  0%| F|  |TAMS 0x0000000627800000, 0x0000000627800000| Untracked 
| 109|0x0000000627c00000, 0x0000000627c00000, 0x0000000628000000|  0%| F|  |TAMS 0x0000000627c00000, 0x0000000627c00000| Untracked 
| 110|0x0000000628000000, 0x0000000628000000, 0x0000000628400000|  0%| F|  |TAMS 0x0000000628000000, 0x0000000628000000| Untracked 
| 111|0x0000000628400000, 0x0000000628400000, 0x0000000628800000|  0%| F|  |TAMS 0x0000000628400000, 0x0000000628400000| Untracked 
| 112|0x0000000628800000, 0x0000000628800000, 0x0000000628c00000|  0%| F|  |TAMS 0x0000000628800000, 0x0000000628800000| Untracked 
| 113|0x0000000628c00000, 0x0000000628c00000, 0x0000000629000000|  0%| F|  |TAMS 0x0000000628c00000, 0x0000000628c00000| Untracked 
| 114|0x0000000629000000, 0x0000000629000000, 0x0000000629400000|  0%| F|  |TAMS 0x0000000629000000, 0x0000000629000000| Untracked 
| 115|0x0000000629400000, 0x0000000629400000, 0x0000000629800000|  0%| F|  |TAMS 0x0000000629400000, 0x0000000629400000| Untracked 
| 116|0x0000000629800000, 0x0000000629800000, 0x0000000629c00000|  0%| F|  |TAMS 0x0000000629800000, 0x0000000629800000| Untracked 
| 117|0x0000000629c00000, 0x0000000629c00000, 0x000000062a000000|  0%| F|  |TAMS 0x0000000629c00000, 0x0000000629c00000| Untracked 
| 118|0x000000062a000000, 0x000000062a000000, 0x000000062a400000|  0%| F|  |TAMS 0x000000062a000000, 0x000000062a000000| Untracked 
| 119|0x000000062a400000, 0x000000062a400000, 0x000000062a800000|  0%| F|  |TAMS 0x000000062a400000, 0x000000062a400000| Untracked 
| 120|0x000000062a800000, 0x000000062a800000, 0x000000062ac00000|  0%| F|  |TAMS 0x000000062a800000, 0x000000062a800000| Untracked 
| 121|0x000000062ac00000, 0x000000062ac00000, 0x000000062b000000|  0%| F|  |TAMS 0x000000062ac00000, 0x000000062ac00000| Untracked 
| 122|0x000000062b000000, 0x000000062b35cbe8, 0x000000062b400000| 84%| E|  |TAMS 0x000000062b000000, 0x000000062b000000| Complete 
| 123|0x000000062b400000, 0x000000062b800000, 0x000000062b800000|100%| E|CS|TAMS 0x000000062b400000, 0x000000062b400000| Complete 
| 124|0x000000062b800000, 0x000000062bc00000, 0x000000062bc00000|100%| E|CS|TAMS 0x000000062b800000, 0x000000062b800000| Complete 

Card table byte_map: [0x00000293f97d0000,0x00000293fa770000] _byte_map_base: 0x00000293f676c000

Marking Bits (Prev, Next): (CMBitMap*) 0x00000293e178f260, (CMBitMap*) 0x00000293e178f2a0
 Prev Bits: [0x0000029380000000, 0x0000029387ce0000)
 Next Bits: [0x0000029387ce0000, 0x000002938f9c0000)

Polling page: 0x00000293df500000

Metaspace:

Usage:
  Non-class:      1.25 MB used.
      Class:    111.61 KB used.
       Both:      1.36 MB used.

Virtual space:
  Non-class space:       64.00 MB reserved,       1.31 MB (  2%) committed,  1 nodes.
      Class space:        1.00 GB reserved,     192.00 KB ( <1%) committed,  1 nodes.
             Both:        1.06 GB reserved,       1.50 MB ( <1%) committed. 

Chunk freelists:
   Non-Class:  11.95 MB
       Class:  15.73 MB
        Both:  27.68 MB

MaxMetaspaceSize: unlimited
CompressedClassSpaceSize: 1.00 GB
Initial GC threshold: 21.00 MB
Current GC threshold: 21.00 MB
CDS: on
MetaspaceReclaimPolicy: balanced
 - commit_granule_bytes: 65536.
 - commit_granule_words: 8192.
 - virtual_space_node_default_size: 8388608.
 - enlarge_chunks_in_place: 1.
 - new_chunks_are_fully_committed: 0.
 - uncommit_free_chunks: 1.
 - use_allocation_guard: 0.
 - handle_deallocations: 1.


Internal statistics:

num_allocs_failed_limit: 0.
num_arena_births: 28.
num_arena_deaths: 0.
num_vsnodes_births: 2.
num_vsnodes_deaths: 0.
num_space_committed: 24.
num_space_uncommitted: 0.
num_chunks_returned_to_freelist: 0.
num_chunks_taken_from_freelist: 35.
num_chunk_merges: 0.
num_chunk_splits: 24.
num_chunks_enlarged: 12.
num_inconsistent_stats: 0.

CodeHeap 'non-profiled nmethods': size=119168Kb used=224Kb max_used=224Kb free=118943Kb
 bounds [0x00000293f0b40000, 0x00000293f0db0000, 0x00000293f7fa0000]
CodeHeap 'profiled nmethods': size=119104Kb used=732Kb max_used=732Kb free=118371Kb
 bounds [0x00000293e8fa0000, 0x00000293e9210000, 0x00000293f03f0000]
CodeHeap 'non-nmethods': size=7488Kb used=2839Kb max_used=2866Kb free=4649Kb
 bounds [0x00000293f03f0000, 0x00000293f06d0000, 0x00000293f0b40000]
 total_blobs=964 nmethods=538 adapters=336
 compilation: enabled
              stopped_count=0, restarted_count=0
 full_count=0

Compilation events (20 events):
Event: 2.872 Thread 0x000002938fca5a80 nmethod 529 0x00000293f0b69390 code [0x00000293f0b69500, 0x00000293f0b695f8]
Event: 2.872 Thread 0x000002938fca5a80  532   !   4       sun.nio.cs.StreamEncoder::flushBuffer (42 bytes)
Event: 2.873 Thread 0x000002938f9f0000 nmethod 539 0x00000293f0b69710 code [0x00000293f0b698a0, 0x00000293f0b69a58]
Event: 2.873 Thread 0x000002938f9f0000  533   !   4       java.io.PrintStream::write (69 bytes)
Event: 2.873 Thread 0x000002938fca4a90 nmethod 523 0x00000293f0b69b90 code [0x00000293f0b69d20, 0x00000293f0b6a058]
Event: 2.873 Thread 0x000002938fca4a90  534  s    4       java.io.BufferedOutputStream::write (67 bytes)
Event: 2.874 Thread 0x000002938fca6fc0 nmethod 528 0x00000293f0b6a310 code [0x00000293f0b6a4a0, 0x00000293f0b6a878]
Event: 2.874 Thread 0x000002938fca6fc0  535       4       java.lang.StringConcatHelper::prepend (22 bytes)
Event: 2.874 Thread 0x000002938fca4a90 nmethod 534 0x00000293f0b6ab90 code [0x00000293f0b6ad20, 0x00000293f0b6b058]
Event: 2.874 Thread 0x000002938fca4a90  536       4       java.lang.StringUTF16::getChars (139 bytes)
Event: 2.875 Thread 0x000002938fca5530 nmethod 526 0x00000293f0b6b210 code [0x00000293f0b6b3a0, 0x00000293f0b6b758]
Event: 2.875 Thread 0x000002938fca5530  537   !   4       java.io.PrintStream::println (44 bytes)
Event: 2.875 Thread 0x000002938fca4a90 nmethod 536 0x00000293f0b6ba10 code [0x00000293f0b6bb80, 0x00000293f0b6bc78]
Event: 2.875 Thread 0x000002938fca4a90  538   !   4       java.io.PrintStream::writeln (81 bytes)
Event: 2.875 Thread 0x000002938fca6fc0 nmethod 535 0x00000293f0b6bd90 code [0x00000293f0b6bf00, 0x00000293f0b6c098]
Event: 2.875 Thread 0x000002938fca6fc0  525   !   4       java.nio.CharBuffer::wrap (21 bytes)
Event: 2.876 Thread 0x000002938f9f0000 nmethod 533 0x00000293f0b6c210 code [0x00000293f0b6c3c0, 0x00000293f0b6cd48]
Event: 2.877 Thread 0x000002938fca6fc0 nmethod 525 0x00000293f0b6d210 code [0x00000293f0b6d3a0, 0x00000293f0b6d638]
Event: 2.877 Thread 0x000002938fca6a70 nmethod 531 0x00000293f0b6d910 code [0x00000293f0b6dae0, 0x00000293f0b6e708]
Event: 2.878 Thread 0x000002938fca5a80 nmethod 532 0x00000293f0b6ee10 code [0x00000293f0b6f000, 0x00000293f0b6ff88]

GC Heap History (0 events):
No events

Deoptimization events (16 events):
Event: 2.871 Thread 0x00000293e16e30e0 Uncommon trap: trap_request=0xffffffde fr.pc=0x00000293f0b67934 relative=0x0000000000000114
Event: 2.871 Thread 0x00000293e16e30e0 Uncommon trap: reason=class_check action=maybe_recompile pc=0x00000293f0b67934 method=jdk.internal.misc.Unsafe.allocateUninitializedArray(Ljava/lang/Class;I)Ljava/lang/Object; @ 51 c2
Event: 2.871 Thread 0x00000293e16e30e0 DEOPT PACKING pc=0x00000293f0b67934 sp=0x000000c3204ff450
Event: 2.871 Thread 0x00000293e16e30e0 DEOPT UNPACKING pc=0x00000293f0445ba3 sp=0x000000c3204ff3d8 mode 2
Event: 2.871 Thread 0x00000293e16e30e0 Uncommon trap: trap_request=0xffffffde fr.pc=0x00000293f0b67934 relative=0x0000000000000114
Event: 2.871 Thread 0x00000293e16e30e0 Uncommon trap: reason=class_check action=maybe_recompile pc=0x00000293f0b67934 method=jdk.internal.misc.Unsafe.allocateUninitializedArray(Ljava/lang/Class;I)Ljava/lang/Object; @ 51 c2
Event: 2.871 Thread 0x00000293e16e30e0 DEOPT PACKING pc=0x00000293f0b67934 sp=0x000000c3204ff450
Event: 2.871 Thread 0x00000293e16e30e0 DEOPT UNPACKING pc=0x00000293f0445ba3 sp=0x000000c3204ff3d8 mode 2
Event: 2.871 Thread 0x00000293e16e30e0 Uncommon trap: trap_request=0xffffffde fr.pc=0x00000293f0b67934 relative=0x0000000000000114
Event: 2.871 Thread 0x00000293e16e30e0 Uncommon trap: reason=class_check action=maybe_recompile pc=0x00000293f0b67934 method=jdk.internal.misc.Unsafe.allocateUninitializedArray(Ljava/lang/Class;I)Ljava/lang/Object; @ 51 c2
Event: 2.871 Thread 0x00000293e16e30e0 DEOPT PACKING pc=0x00000293f0b67934 sp=0x000000c3204ff450
Event: 2.871 Thread 0x00000293e16e30e0 DEOPT UNPACKING pc=0x00000293f0445ba3 sp=0x000000c3204ff3d8 mode 2
Event: 2.871 Thread 0x00000293e16e30e0 Uncommon trap: trap_request=0xffffffde fr.pc=0x00000293f0b67934 relative=0x0000000000000114
Event: 2.871 Thread 0x00000293e16e30e0 Uncommon trap: reason=class_check action=maybe_recompile pc=0x00000293f0b67934 method=jdk.internal.misc.Unsafe.allocateUninitializedArray(Ljava/lang/Class;I)Ljava/lang/Object; @ 51 c2
Event: 2.871 Thread 0x00000293e16e30e0 DEOPT PACKING pc=0x00000293f0b67934 sp=0x000000c3204ff450
Event: 2.871 Thread 0x00000293e16e30e0 DEOPT UNPACKING pc=0x00000293f0445ba3 sp=0x000000c3204ff3d8 mode 2

Classes unloaded (0 events):
No events

Classes redefined (0 events):
No events

Internal exceptions (3 events):
Event: 0.056 Thread 0x000002938fba4bd0 Exception <a 'java/lang/NoSuchMethodError'{0x000000062bae5be8}: 'java.lang.Object java.lang.invoke.DirectMethodHandle$Holder.invokeStaticInit(java.lang.Object)'> (0x000000062bae5be8) 
thrown [s\open\src\hotspot\share\interpreter\linkResolver.cpp, line 759]
Event: 0.059 Thread 0x000002938fba4bd0 Exception <a 'java/lang/NoSuchMethodError'{0x000000062baf31d0}: 'void java.lang.invoke.DirectMethodHandle$Holder.invokeStatic(java.lang.Object, java.lang.Object)'> (0x000000062baf31d0) 
thrown [s\open\src\hotspot\share\interpreter\linkResolver.cpp, line 759]
Event: 1.019 Thread 0x000002938f9ea240 Exception <a 'java/lang/NoSuchMethodError'{0x000000062b501348}: 'java.lang.Object java.lang.invoke.DirectMethodHandle$Holder.invokeStaticInit(java.lang.Object, int)'> (0x000000062b501348) 
thrown [s\open\src\hotspot\share\interpreter\linkResolver.cpp, line 759]

VM Operations (6 events):
Event: 0.038 Executing VM operation: HandshakeAllThreads
Event: 0.038 Executing VM operation: HandshakeAllThreads done
Event: 0.055 Executing VM operation: HandshakeAllThreads
Event: 0.055 Executing VM operation: HandshakeAllThreads done
Event: 1.058 Executing VM operation: Cleanup
Event: 1.059 Executing VM operation: Cleanup done

Events (20 events):
Event: 1.023 loading class java/time/zone/Ser done
Event: 1.024 loading class java/time/zone/ZoneOffsetTransition
Event: 1.024 loading class java/time/zone/ZoneOffsetTransition done
Event: 1.025 loading class sun/util/resources/TimeZoneNames
Event: 1.025 loading class sun/util/resources/TimeZoneNames done
Event: 1.025 loading class sun/util/resources/TimeZoneNames_en
Event: 1.025 loading class sun/util/resources/TimeZoneNames_en done
Event: 2.841 loading class java/util/regex/Pattern$1
Event: 2.841 loading class java/util/regex/Pattern$1 done
Event: 2.841 Thread 0x000002938fca4fe0 Thread exited: 0x000002938fca4fe0
Event: 2.842 Thread 0x000002938fc566a0 Thread exited: 0x000002938fc566a0
Event: 2.849 Thread 0x000002938fca4fe0 Thread added: 0x000002938fca4fe0
Event: 2.859 Thread 0x000002938fca6520 Thread added: 0x000002938fca6520
Event: 2.868 loading class jdk/internal/access/foreign/MemorySegmentProxy
Event: 2.868 loading class jdk/internal/access/foreign/MemorySegmentProxy done
Event: 2.870 Thread 0x000002938fca4a90 Thread added: 0x000002938fca4a90
Event: 2.870 Thread 0x000002938fca5a80 Thread added: 0x000002938fca5a80
Event: 2.870 Thread 0x000002938fca6a70 Thread added: 0x000002938fca6a70
Event: 2.871 Thread 0x000002938fca5530 Thread added: 0x000002938fca5530
Event: 2.872 Thread 0x000002938fca6fc0 Thread added: 0x000002938fca6fc0


Dynamic libraries:
0x00007ff73eb50000 - 0x00007ff73eb60000 	C:\Program Files\Java\jdk-17\bin\java.exe
0x00007ffa65ef0000 - 0x00007ffa660e8000 	C:\WINDOWS\SYSTEM32\ntdll.dll
0x00007ffa64c20000 - 0x00007ffa64cdd000 	C:\WINDOWS\System32\KERNEL32.DLL
0x00007ffa637d0000 - 0x00007ffa63ac6000 	C:\WINDOWS\System32\KERNELBASE.dll
0x00007ffa63ad0000 - 0x00007ffa63bd0000 	C:\WINDOWS\System32\ucrtbase.dll
0x00007ffa599b0000 - 0x00007ffa599c9000 	C:\Program Files\Java\jdk-17\bin\jli.dll
0x00007ffa5b620000 - 0x00007ffa5b63b000 	C:\Program Files\Java\jdk-17\bin\VCRUNTIME140.dll
0x00007ffa65d70000 - 0x00007ffa65e23000 	C:\WINDOWS\System32\ADVAPI32.dll
0x00007ffa65440000 - 0x00007ffa654de000 	C:\WINDOWS\System32\msvcrt.dll
0x00007ffa65cd0000 - 0x00007ffa65d6f000 	C:\WINDOWS\System32\sechost.dll
0x00007ffa65950000 - 0x00007ffa65a76000 	C:\WINDOWS\System32\RPCRT4.dll
0x00007ffa63650000 - 0x00007ffa63677000 	C:\WINDOWS\System32\bcrypt.dll
0x00007ffa648d0000 - 0x00007ffa64a6e000 	C:\WINDOWS\System32\USER32.dll
0x00007ffa63680000 - 0x00007ffa636a2000 	C:\WINDOWS\System32\win32u.dll
0x00007ffa65ae0000 - 0x00007ffa65b0b000 	C:\WINDOWS\System32\GDI32.dll
0x00007ffa37620000 - 0x00007ffa378ba000 	C:\WINDOWS\WinSxS\amd64_microsoft.windows.common-controls_6595b64144ccf1df_6.0.19041.3636_none_60b6a03d71f818d5\COMCTL32.dll
0x00007ffa636b0000 - 0x00007ffa637c7000 	C:\WINDOWS\System32\gdi32full.dll
0x00007ffa635b0000 - 0x00007ffa6364d000 	C:\WINDOWS\System32\msvcp_win.dll
0x00007ffa62200000 - 0x00007ffa6220a000 	C:\WINDOWS\SYSTEM32\VERSION.dll
0x00007ffa64290000 - 0x00007ffa642c2000 	C:\WINDOWS\System32\IMM32.DLL
0x00007ffa599a0000 - 0x00007ffa599ac000 	C:\Program Files\Java\jdk-17\bin\vcruntime140_1.dll
0x00007ffa58c70000 - 0x00007ffa58cfe000 	C:\Program Files\Java\jdk-17\bin\msvcp140.dll
0x00007ff9f7d90000 - 0x00007ff9f896f000 	C:\Program Files\Java\jdk-17\bin\server\jvm.dll
0x00007ffa65570000 - 0x00007ffa65578000 	C:\WINDOWS\System32\PSAPI.DLL
0x00007ffa52790000 - 0x00007ffa527b7000 	C:\WINDOWS\SYSTEM32\WINMM.dll
0x00007ffa2fff0000 - 0x00007ffa2fff9000 	C:\WINDOWS\SYSTEM32\WSOCK32.dll
0x00007ffa658e0000 - 0x00007ffa6594b000 	C:\WINDOWS\System32\WS2_32.dll
0x00007ffa62160000 - 0x00007ffa62172000 	C:\WINDOWS\SYSTEM32\kernel.appcore.dll
0x00007ffa59990000 - 0x00007ffa5999a000 	C:\Program Files\Java\jdk-17\bin\jimage.dll
0x00007ffa5ad10000 - 0x00007ffa5aef4000 	C:\WINDOWS\SYSTEM32\DBGHELP.DLL
0x00007ffa55030000 - 0x00007ffa55064000 	C:\WINDOWS\SYSTEM32\dbgcore.DLL
0x00007ffa63cd0000 - 0x00007ffa63d52000 	C:\WINDOWS\System32\bcryptPrimitives.dll
0x00007ffa58f60000 - 0x00007ffa58f6e000 	C:\Program Files\Java\jdk-17\bin\instrument.dll
0x00007ffa58f70000 - 0x00007ffa58f95000 	C:\Program Files\Java\jdk-17\bin\java.dll
0x00007ffa4e220000 - 0x00007ffa4e2f7000 	C:\Program Files\Java\jdk-17\bin\jsvml.dll
0x00007ffa64cf0000 - 0x00007ffa65435000 	C:\WINDOWS\System32\SHELL32.dll
0x00007ffa61000000 - 0x00007ffa6179c000 	C:\WINDOWS\SYSTEM32\windows.storage.dll
0x00007ffa65580000 - 0x00007ffa658d4000 	C:\WINDOWS\System32\combase.dll
0x00007ffa62fe0000 - 0x00007ffa6300e000 	C:\WINDOWS\SYSTEM32\Wldp.dll
0x00007ffa64330000 - 0x00007ffa643fd000 	C:\WINDOWS\System32\OLEAUT32.dll
0x00007ffa64b70000 - 0x00007ffa64c1d000 	C:\WINDOWS\System32\SHCORE.dll
0x00007ffa642d0000 - 0x00007ffa64325000 	C:\WINDOWS\System32\shlwapi.dll
0x00007ffa634e0000 - 0x00007ffa63505000 	C:\WINDOWS\SYSTEM32\profapi.dll
0x00007ffa58f20000 - 0x00007ffa58f38000 	C:\Program Files\Java\jdk-17\bin\zip.dll
0x00007ffa58f40000 - 0x00007ffa58f59000 	C:\Program Files\Java\jdk-17\bin\net.dll
0x00007ffa62580000 - 0x00007ffa6268a000 	C:\WINDOWS\SYSTEM32\WINHTTP.dll
0x00007ffa62d40000 - 0x00007ffa62daa000 	C:\WINDOWS\system32\mswsock.dll
0x00007ffa511d0000 - 0x00007ffa511e6000 	C:\Program Files\Java\jdk-17\bin\nio.dll
0x00007ffa511b0000 - 0x00007ffa511ca000 	C:\Program Files\JetBrains\IntelliJ IDEA Community Edition 2023.3.4\bin\breakgen64.dll

dbghelp: loaded successfully - version: 4.0.5 - missing functions: none
symbol engine: initialized successfully - sym options: 0x614 - pdb path: .;C:\Program Files\Java\jdk-17\bin;C:\WINDOWS\SYSTEM32;C:\WINDOWS\WinSxS\amd64_microsoft.windows.common-controls_6595b64144ccf1df_6.0.19041.3636_none_60b6a03d71f818d5;C:\Program Files\Java\jdk-17\bin\server;C:\Program Files\JetBrains\IntelliJ IDEA Community Edition 2023.3.4\bin

VM Arguments:
jvm_args: -javaagent:C:\Program Files\JetBrains\IntelliJ IDEA Community Edition 2023.3.4\lib\idea_rt.jar=54296:C:\Program Files\JetBrains\IntelliJ IDEA Community Edition 2023.3.4\bin -Dfile.encoding=UTF-8 
java_command: MukemmelSayiBulma
java_class_path (initial): C:\Users\u29n28\IdeaProjects\Hafta1_Odevler\out\production\Hafta_1_Odevler
Launcher Type: SUN_STANDARD

[Global flags]
     intx CICompilerCount                          = 12                                        {product} {ergonomic}
     uint ConcGCThreads                            = 3                                         {product} {ergonomic}
     uint G1ConcRefinementThreads                  = 13                                        {product} {ergonomic}
   size_t G1HeapRegionSize                         = 4194304                                   {product} {ergonomic}
    uintx GCDrainStackTargetSize                   = 64                                        {product} {ergonomic}
   size_t InitialHeapSize                          = 524288000                                 {product} {ergonomic}
   size_t MarkStackSize                            = 4194304                                   {product} {ergonomic}
   size_t MaxHeapSize                              = 8380219392                                {product} {ergonomic}
   size_t MaxNewSize                               = 5024776192                                {product} {ergonomic}
   size_t MinHeapDeltaBytes                        = 4194304                                   {product} {ergonomic}
   size_t MinHeapSize                              = 8388608                                   {product} {ergonomic}
    uintx NonNMethodCodeHeapSize                   = 7602480                                {pd product} {ergonomic}
    uintx NonProfiledCodeHeapSize                  = 122027880                              {pd product} {ergonomic}
    uintx ProfiledCodeHeapSize                     = 122027880                              {pd product} {ergonomic}
    uintx ReservedCodeCacheSize                    = 251658240                              {pd product} {ergonomic}
     bool SegmentedCodeCache                       = true                                      {product} {ergonomic}
   size_t SoftMaxHeapSize                          = 8380219392                             {manageable} {ergonomic}
     bool UseCompressedClassPointers               = true                           {product lp64_product} {ergonomic}
     bool UseCompressedOops                        = true                           {product lp64_product} {ergonomic}
     bool UseG1GC                                  = true                                      {product} {ergonomic}
     bool UseLargePagesIndividualAllocation        = false                                  {pd product} {ergonomic}

Logging:
Log output configuration:
 #0: stdout all=warning uptime,level,tags
 #1: stderr all=off uptime,level,tags

Environment Variables:
PATH=C:\Program Files\Common Files\Oracle\Java\javapath;C:\WINDOWS\system32;C:\WINDOWS;C:\WINDOWS\System32\Wbem;C:\WINDOWS\System32\WindowsPowerShell\v1.0\;C:\WINDOWS\System32\OpenSSH\;C:\Program Files\SafeNet\Authentication\SAC\x64;C:\Program Files\SafeNet\Authentication\SAC\x32;C:\Program Files\dotnet\;C:\Program Files (x86)\NVIDIA Corporation\PhysX\Common;C:\Program Files\Git\cmd;C:\Users\u29n28\AppData\Local\anaconda3;C:\Users\u29n28\AppData\Local\anaconda3\Library\mingw-w64\bin;C:\Users\u29n28\AppData\Local\anaconda3\Library\usr\bin;C:\Users\u29n28\AppData\Local\anaconda3\Library\bin;C:\Users\u29n28\AppData\Local\anaconda3\Scripts;C:\Users\u29n28\AppData\Local\Programs\Python\Python310\Scripts\;C:\Users\u29n28\AppData\Local\Programs\Python\Python310\;C:\Users\u29n28\AppData\Local\Microsoft\WindowsApps;C:\Users\u29n28\AppData\Local\GitHubDesktop\bin
USERNAME=u29n28
OS=Windows_NT
PROCESSOR_IDENTIFIER=Intel64 Family 6 Model 141 Stepping 1, GenuineIntel



---------------  S Y S T E M  ---------------

OS:
 Windows 10 , 64 bit Build 19041 (10.0.19041.3636)
OS uptime: 0 days 0:17 hours

CPU: total 16 (initial active 16) (8 cores per cpu, 2 threads per core) family 6 model 141 stepping 1 microcode 0x4e, cx8, cmov, fxsr, ht, mmx, 3dnowpref, sse, sse2, sse3, ssse3, sse4.1, sse4.2, popcnt, lzcnt, tsc, tscinvbit, avx, avx2, aes, erms, clmul, bmi1, bmi2, adx, avx512f, avx512dq, avx512cd, avx512bw, avx512vl, sha, fma, vzeroupper, avx512_vpopcntdq, avx512_vpclmulqdq, avx512_vaes, avx512_vnni, clflush, clflushopt, clwb, avx512_vbmi2, avx512_vbmi

Memory: 4k page, system-wide physical 31953M (22288M free)
TotalPageFile size 42193M (AvailPageFile size 31097M)
current process WorkingSet (physical memory assigned to process): 58M, peak: 58M
current process commit charge ("private bytes"): 620M, peak: 622M

vm_info: Java HotSpot(TM) 64-Bit Server VM (17.0.10+11-LTS-240) for windows-amd64 JRE (17.0.10+11-LTS-240), built on Dec 19 2023 21:47:25 by "mach5one" with MS VC++ 17.1 (VS2022)

END.
